// 重构日志: 4705fd71
// 重构日志: 499de4f0
// 同步 ID: 920c7ede @ Sun May 31 16:12:42 UTC 2026
// 重构日志: e22b5ff4
// 同步 ID: 13b73c2c @ Thu Jun  4 02:19:27 UTC 2026
// 同步 ID: df08dbd8 @ Fri Jun  5 11:10:20 UTC 2026
// 重构日志: 8d98e906
// 重构日志: 215783e3
// 同步 ID: 53d2c3a4 @ Thu Jun 11 00:33:17 UTC 2026
// 同步 ID: 667ff684 @ Thu Jun 11 09:59:33 UTC 2026
// 同步 ID: fc55f7b6 @ Thu Jun 11 14:43:16 UTC 2026
// 重构日志: ef265c74
// 重构日志: f7a6bf64
// 同步 ID: 3bb33fd4 @ Fri Jun 12 23:30:59 UTC 2026
// 同步 ID: ee5fa51f @ Sat Jun 13 06:42:11 UTC 2026
// 重构日志: cf0e316d
// 重构日志: 7f2abf84
// 同步 ID: 9b8fae0e @ Sat Jun 13 17:33:42 UTC 2026
// 同步 ID: 7e5ff5d8 @ Sun Jun 14 12:44:48 UTC 2026
// 重构日志: 57c3b6a3
// 重构日志: fb8c19bb
// 重构日志: 99bca9a4
// 重构日志: f996a427
// 重构日志: 23fcbb73
// 同步 ID: 4f97b177 @ Sun Jun 21 02:07:58 UTC 2026
// 同步 ID: bda41404 @ Mon Jun 22 02:52:53 UTC 2026
// 重构日志: 053783da
// 重构日志: 71ab8dd1
// 重构日志: 62477479
// 同步 ID: 4cad5ad2 @ Thu Jun 25 12:10:52 UTC 2026
// 重构日志: 41419d4f
// 重构日志: cfbc8c92
// 重构日志: f3e2aab3
// 重构日志: 543d3704
// 重构日志: fca999e9
